<?xml version="1.0" encoding="UTF-8"?>
<!-- Generated by org.testng.reporters.JUnitReportReporter -->
<testsuite hostname="DESKTOP-1VSDUBV" failures="0" tests="1" name="responseValidation.BodyValidation" time="1.569" errors="0" timestamp="2023-04-10T12:07:02 IST" skipped="0">
  <testcase classname="responseValidation.BodyValidation" name="bodyValidation" time="1.569"/>
  <system-out/>
</testsuite> <!-- responseValidation.BodyValidation -->
