<?xml version="1.0" encoding="UTF-8"?>
<!-- Generated by org.testng.reporters.JUnitReportReporter -->
<testsuite hostname="DESKTOP-1VSDUBV" failures="0" tests="1" name="practice.PetstoreUploadImage" time="12.375" errors="0" timestamp="2023-04-11T11:52:29 IST" skipped="0">
  <testcase classname="practice.PetstoreUploadImage" name="UploadImageTest" time="12.375"/>
  <system-out/>
</testsuite> <!-- practice.PetstoreUploadImage -->
