<?xml version="1.0" encoding="UTF-8"?>
<!-- Generated by org.testng.reporters.JUnitReportReporter -->
<testsuite hostname="DESKTOP-1VSDUBV" failures="0" tests="1" name="crudOperationWithoutBDD.GetProjectTest" time="1.713" errors="0" timestamp="2023-04-08T10:11:49 IST" skipped="0">
  <testcase classname="crudOperationWithoutBDD.GetProjectTest" name="getPrject" time="1.713"/>
  <system-out/>
</testsuite> <!-- crudOperationWithoutBDD.GetProjectTest -->
