<?xml version="1.0" encoding="UTF-8"?>
<!-- Generated by org.testng.reporters.JUnitReportReporter -->
<testsuite hostname="DESKTOP-1VSDUBV" failures="0" tests="1" name="requestChaining.Post_Get_Update_Delete" time="3.056" errors="0" timestamp="2023-04-11T13:19:20 IST" skipped="0">
  <testcase classname="requestChaining.Post_Get_Update_Delete" name="postGetUpdateDelete" time="3.056"/>
  <system-out/>
</testsuite> <!-- requestChaining.Post_Get_Update_Delete -->
