<?xml version="1.0" encoding="UTF-8"?>
<!-- Generated by org.testng.reporters.JUnitReportReporter -->
<testsuite hostname="DESKTOP-1VSDUBV" failures="0" tests="1" name="crudOperationWithoutBDD.CreateProjectTest" time="2.388" errors="0" timestamp="2023-04-07T17:03:03 IST" skipped="0">
  <testcase classname="crudOperationWithoutBDD.CreateProjectTest" name="addProject" time="2.388"/>
  <system-out/>
</testsuite> <!-- crudOperationWithoutBDD.CreateProjectTest -->
