<?xml version="1.0" encoding="UTF-8"?>
<!-- Generated by org.testng.reporters.JUnitReportReporter -->
<testsuite hostname="DESKTOP-1VSDUBV" failures="0" tests="1" name="responseValidation.StaticResponseValidationTest" time="2.309" errors="0" timestamp="2023-04-08T14:16:49 IST" skipped="0">
  <testcase classname="responseValidation.StaticResponseValidationTest" name="StaticResponseValidation" time="2.309"/>
  <system-out/>
</testsuite> <!-- responseValidation.StaticResponseValidationTest -->
