<?xml version="1.0" encoding="UTF-8"?>
<!-- Generated by org.testng.reporters.JUnitReportReporter -->
<testsuite hostname="DESKTOP-1VSDUBV" failures="0" tests="1" name="crudOperationWithBDD.deleteProjectTest" time="1.437" errors="0" timestamp="2023-04-08T10:25:43 IST" skipped="0">
  <testcase classname="crudOperationWithBDD.deleteProjectTest" name="deleteProject" time="1.437"/>
  <system-out/>
</testsuite> <!-- crudOperationWithBDD.deleteProjectTest -->
