<?xml version="1.0" encoding="UTF-8"?>
<!-- Generated by org.testng.reporters.JUnitReportReporter -->
<testsuite hostname="DESKTOP-1VSDUBV" failures="0" tests="1" name="requestChaining.Post_Put" time="3.137" errors="0" timestamp="2023-04-11T12:54:01 IST" skipped="0">
  <testcase classname="requestChaining.Post_Put" name="PostPutTest" time="3.137"/>
  <system-out/>
</testsuite> <!-- requestChaining.Post_Put -->
