<?xml version="1.0" encoding="UTF-8"?>
<!-- Generated by org.testng.reporters.JUnitReportReporter -->
<testsuite hostname="DESKTOP-1VSDUBV" failures="0" tests="1" name="practice.WriteResponseInTextFile" time="5.664" errors="0" timestamp="2023-04-11T20:46:22 IST" skipped="0">
  <testcase classname="practice.WriteResponseInTextFile" name="writeResponseInTextFileTest" time="5.664"/>
  <system-out/>
</testsuite> <!-- practice.WriteResponseInTextFile -->
