<?xml version="1.0" encoding="UTF-8"?>
<!-- Generated by org.testng.reporters.JUnitReportReporter -->
<testsuite hostname="DESKTOP-1VSDUBV" failures="0" tests="1" name="parameters.FormParameters1" time="1.784" errors="0" timestamp="2023-04-10T10:43:25 IST" skipped="0">
  <testcase classname="parameters.FormParameters1" name="formParameters" time="1.784"/>
  <system-out/>
</testsuite> <!-- parameters.FormParameters1 -->
