<?xml version="1.0" encoding="UTF-8"?>
<!-- Generated by org.testng.reporters.JUnitReportReporter -->
<testsuite hostname="DESKTOP-1VSDUBV" failures="0" tests="1" name="requestChaining.Post_Get" time="2.850" errors="0" timestamp="2023-04-11T13:34:51 IST" skipped="0">
  <testcase classname="requestChaining.Post_Get" name="postGetTest" time="2.850"/>
  <system-out/>
</testsuite> <!-- requestChaining.Post_Get -->
