<?xml version="1.0" encoding="UTF-8"?>
<!-- Generated by org.testng.reporters.JUnitReportReporter -->
<testsuite hostname="DESKTOP-1VSDUBV" failures="0" tests="1" name="serializationAndDeserialization.SerializationWithEmpArray" time="0.227" errors="0" timestamp="2023-04-12T12:54:52 IST" skipped="0">
  <testcase classname="serializationAndDeserialization.SerializationWithEmpArray" name="serializationWithEmpArray" time="0.227"/>
  <system-out/>
</testsuite> <!-- serializationAndDeserialization.SerializationWithEmpArray -->
