<?xml version="1.0" encoding="UTF-8"?>
<!-- Generated by org.testng.reporters.JUnitReportReporter -->
<testsuite hostname="DESKTOP-1VSDUBV" failures="0" tests="1" name="diffWaysToPostRequest.createProjectUsingPOJOclassTest" time="2.104" errors="0" timestamp="2023-04-08T12:05:03 IST" skipped="0">
  <testcase classname="diffWaysToPostRequest.createProjectUsingPOJOclassTest" name="createProjectUsingPOJOclass" time="2.104"/>
  <system-out/>
</testsuite> <!-- diffWaysToPostRequest.createProjectUsingPOJOclassTest -->
