<?xml version="1.0" encoding="UTF-8"?>
<!-- Generated by org.testng.reporters.JUnitReportReporter -->
<testsuite hostname="DESKTOP-1VSDUBV" failures="0" tests="1" name="serializationAndDeserialization.SerializationWithEmpObject" time="0.213" errors="0" timestamp="2023-04-12T12:49:06 IST" skipped="0">
  <testcase classname="serializationAndDeserialization.SerializationWithEmpObject" name="serializationWithEmpObject" time="0.213"/>
  <system-out/>
</testsuite> <!-- serializationAndDeserialization.SerializationWithEmpObject -->
