<?xml version="1.0" encoding="UTF-8"?>
<!-- Generated by org.testng.reporters.JUnitReportReporter -->
<testsuite hostname="DESKTOP-1VSDUBV" failures="0" tests="1" name="diffWaysToPostRequest.createProjectUsingJsonFileTest" time="1.906" errors="0" timestamp="2023-04-08T11:55:19 IST" skipped="0">
  <testcase classname="diffWaysToPostRequest.createProjectUsingJsonFileTest" name="createProjectUsingJsonFile" time="1.906"/>
  <system-out/>
</testsuite> <!-- diffWaysToPostRequest.createProjectUsingJsonFileTest -->
