<?xml version="1.0" encoding="UTF-8"?>
<!-- Generated by org.testng.reporters.JUnitReportReporter -->
<testsuite hostname="DESKTOP-1VSDUBV" failures="0" tests="1" name="serializationAndDeserialization.SerializationEmpDetails" time="0.181" errors="0" timestamp="2023-04-12T11:27:31 IST" skipped="0">
  <testcase classname="serializationAndDeserialization.SerializationEmpDetails" name="serializationEmpTest" time="0.181"/>
  <system-out/>
</testsuite> <!-- serializationAndDeserialization.SerializationEmpDetails -->
