<?xml version="1.0" encoding="UTF-8"?>
<!-- Generated by org.testng.reporters.JUnitReportReporter -->
<testsuite hostname="DESKTOP-1VSDUBV" failures="0" tests="1" name="genericLibrary.ExcelUtility" time="0.741" errors="0" timestamp="2023-04-10T13:30:55 IST" skipped="0">
  <testcase classname="genericLibrary.ExcelUtility" name="getData" time="0.741"/>
  <system-out/>
</testsuite> <!-- genericLibrary.ExcelUtility -->
