<?xml version="1.0" encoding="UTF-8"?>
<!-- Generated by org.testng.reporters.JUnitReportReporter -->
<testsuite hostname="DESKTOP-1VSDUBV" failures="0" tests="1" name="requestChaining.Get_Delete" time="2.455" errors="0" timestamp="2023-04-11T13:24:43 IST" skipped="0">
  <testcase classname="requestChaining.Get_Delete" name="getDeleteTest" time="2.455"/>
  <system-out/>
</testsuite> <!-- requestChaining.Get_Delete -->
