<?xml version="1.0" encoding="UTF-8"?>
<!-- Generated by org.testng.reporters.JUnitReportReporter -->
<testsuite hostname="DESKTOP-1VSDUBV" failures="0" tests="1" name="crudOperationWithoutBDD.GetAllProjects" time="2.214" errors="0" timestamp="2023-04-07T17:05:31 IST" skipped="0">
  <testcase classname="crudOperationWithoutBDD.GetAllProjects" name="getAllProjects" time="2.214"/>
  <system-out/>
</testsuite> <!-- crudOperationWithoutBDD.GetAllProjects -->
