<?xml version="1.0" encoding="UTF-8"?>
<!-- Generated by org.testng.reporters.JUnitReportReporter -->
<testsuite hostname="DESKTOP-1VSDUBV" failures="0" tests="1" name="requestChaining.Post_Delete" time="2.940" errors="0" timestamp="2023-04-11T12:37:03 IST" skipped="0">
  <testcase classname="requestChaining.Post_Delete" name="postDeleteTest" time="2.940"/>
  <system-out/>
</testsuite> <!-- requestChaining.Post_Delete -->
