<?xml version="1.0" encoding="UTF-8"?>
<!-- Generated by org.testng.reporters.JUnitReportReporter -->
<testsuite hostname="DESKTOP-1VSDUBV" failures="0" tests="1" name="diffWaysToPostRequest.createProjectUsingJsonObjectTest" time="2.433" errors="0" timestamp="2023-04-08T11:32:22 IST" skipped="0">
  <testcase classname="diffWaysToPostRequest.createProjectUsingJsonObjectTest" name="createProjectUsingJsonObject" time="2.433"/>
  <system-out/>
</testsuite> <!-- diffWaysToPostRequest.createProjectUsingJsonObjectTest -->
