<?xml version="1.0" encoding="UTF-8"?>
<!-- Generated by org.testng.reporters.JUnitReportReporter -->
<testsuite hostname="DESKTOP-1VSDUBV" failures="0" tests="1" name="serializationAndDeserialization.DeserializationEmpObject" time="0.261" errors="0" timestamp="2023-04-12T13:05:46 IST" skipped="0">
  <testcase classname="serializationAndDeserialization.DeserializationEmpObject" name="deserializationEmpObject" time="0.261"/>
  <system-out/>
</testsuite> <!-- serializationAndDeserialization.DeserializationEmpObject -->
