<?xml version="1.0" encoding="UTF-8"?>
<!-- Generated by org.testng.reporters.JUnitReportReporter -->
<testsuite hostname="DESKTOP-1VSDUBV" failures="0" tests="1" name="diffWaysToPostRequest.createProjectUsingHaspMapTest" time="2.074" errors="0" timestamp="2023-04-08T11:40:09 IST" skipped="0">
  <testcase classname="diffWaysToPostRequest.createProjectUsingHaspMapTest" name="createProjectUsingJsonHaspMap" time="2.074"/>
  <system-out/>
</testsuite> <!-- diffWaysToPostRequest.createProjectUsingHaspMapTest -->
