<?xml version="1.0" encoding="UTF-8"?>
<!-- Generated by org.testng.reporters.JUnitReportReporter -->
<testsuite hostname="DESKTOP-1VSDUBV" failures="0" tests="1" name="parameters.QureyParameters" time="2.429" errors="0" timestamp="2023-04-08T15:17:46 IST" skipped="0">
  <testcase classname="parameters.QureyParameters" name="queryParameters" time="2.429"/>
  <system-out/>
</testsuite> <!-- parameters.QureyParameters -->
