<?xml version="1.0" encoding="UTF-8"?>
<!-- Generated by org.testng.reporters.JUnitReportReporter -->
<testsuite hostname="DESKTOP-1VSDUBV" failures="0" tests="1" name="authentication.BearerToken" time="2.716" errors="0" timestamp="2023-04-12T16:58:53 IST" skipped="0">
  <testcase classname="authentication.BearerToken" name="bearerToken" time="2.716"/>
  <system-out/>
</testsuite> <!-- authentication.BearerToken -->
