<?xml version="1.0" encoding="UTF-8"?>
<!-- Generated by org.testng.reporters.JUnitReportReporter -->
<testsuite hostname="DESKTOP-1VSDUBV" failures="0" tests="1" name="practice.UpdateExistingPet" time="4.277" errors="0" timestamp="2023-04-11T11:21:57 IST" skipped="0">
  <testcase classname="practice.UpdateExistingPet" name="updatePetTest" time="4.277"/>
  <system-out/>
</testsuite> <!-- practice.UpdateExistingPet -->
