<?xml version="1.0" encoding="UTF-8"?>
<!-- Generated by org.testng.reporters.JUnitReportReporter -->
<testsuite hostname="DESKTOP-1VSDUBV" failures="0" tests="1" name="authentication.Oauth2Coops" time="4.603" errors="0" timestamp="2023-04-13T09:42:03 IST" skipped="0">
  <testcase classname="authentication.Oauth2Coops" name="oauth2Coops" time="4.603"/>
  <system-out/>
</testsuite> <!-- authentication.Oauth2Coops -->
