<?xml version="1.0" encoding="UTF-8"?>
<!-- Generated by org.testng.reporters.JUnitReportReporter -->
<testsuite hostname="DESKTOP-1VSDUBV" failures="0" tests="1" name="responseValidation.HeaderValidation" time="1.672" errors="0" timestamp="2023-04-10T11:24:22 IST" skipped="0">
  <testcase classname="responseValidation.HeaderValidation" name="headerValidation" time="1.672"/>
  <system-out/>
</testsuite> <!-- responseValidation.HeaderValidation -->
