<?xml version="1.0" encoding="UTF-8"?>
<!-- Generated by org.testng.reporters.JUnitReportReporter -->
<testsuite hostname="DESKTOP-1VSDUBV" failures="0" tests="1" name="crudOperationWithBDD.updateProjectTest" time="2.351" errors="0" timestamp="2023-04-08T10:24:02 IST" skipped="0">
  <testcase classname="crudOperationWithBDD.updateProjectTest" name="updateProject" time="2.351"/>
  <system-out/>
</testsuite> <!-- crudOperationWithBDD.updateProjectTest -->
