<?xml version="1.0" encoding="UTF-8"?>
<!-- Generated by org.testng.reporters.JUnitReportReporter -->
<testsuite hostname="DESKTOP-1VSDUBV" failures="0" tests="1" name="crudOperationWithBDD.getAllProjectsTest" time="1.753" errors="0" timestamp="2023-04-08T13:33:57 IST" skipped="0">
  <testcase classname="crudOperationWithBDD.getAllProjectsTest" name="getAllProjects" time="1.753"/>
  <system-out/>
</testsuite> <!-- crudOperationWithBDD.getAllProjectsTest -->
