<?xml version="1.0" encoding="UTF-8"?>
<!-- Generated by org.testng.reporters.JUnitReportReporter -->
<testsuite hostname="DESKTOP-1VSDUBV" failures="0" tests="1" name="requestChaining.Put_Delete" time="2.831" errors="0" timestamp="2023-04-11T13:36:04 IST" skipped="0">
  <testcase classname="requestChaining.Put_Delete" name="putDelete" time="2.831"/>
  <system-out/>
</testsuite> <!-- requestChaining.Put_Delete -->
