<?xml version="1.0" encoding="UTF-8"?>
<!-- Generated by org.testng.reporters.JUnitReportReporter -->
<testsuite hostname="DESKTOP-1VSDUBV" failures="0" tests="1" name="practice.BigAPI" time="5.780" errors="0" timestamp="2023-08-09T15:30:47 IST" skipped="0">
  <testcase classname="practice.BigAPI" name="test" time="5.780"/>
  <system-out/>
</testsuite> <!-- practice.BigAPI -->
