<?xml version="1.0" encoding="UTF-8"?>
<!-- Generated by org.testng.reporters.JUnitReportReporter -->
<testsuite hostname="DESKTOP-1VSDUBV" failures="0" tests="1" name="authentication.BasicAuth" time="2.361" errors="0" timestamp="2023-04-12T16:13:10 IST" skipped="0">
  <testcase classname="authentication.BasicAuth" name="basicAuth" time="2.361"/>
  <system-out/>
</testsuite> <!-- authentication.BasicAuth -->
