<?xml version="1.0" encoding="UTF-8"?>
<!-- Generated by org.testng.reporters.JUnitReportReporter -->
<testsuite hostname="DESKTOP-1VSDUBV" failures="0" tests="1" name="crudOperationWithoutBDD.UpdateProjectTest" time="2.259" errors="0" timestamp="2023-04-07T17:06:04 IST" skipped="0">
  <testcase classname="crudOperationWithoutBDD.UpdateProjectTest" name="updateProjectTest" time="2.259"/>
  <system-out/>
</testsuite> <!-- crudOperationWithoutBDD.UpdateProjectTest -->
