<?xml version="1.0" encoding="UTF-8"?>
<!-- Generated by org.testng.reporters.JUnitReportReporter -->
<testsuite hostname="DESKTOP-1VSDUBV" failures="0" tests="1" name="responseValidation.ResponseTimeValidation" time="1.776" errors="0" timestamp="2023-04-08T14:04:53 IST" skipped="0">
  <testcase classname="responseValidation.ResponseTimeValidation" name="responseTime" time="1.776"/>
  <system-out/>
</testsuite> <!-- responseValidation.ResponseTimeValidation -->
