<?xml version="1.0" encoding="UTF-8"?>
<!-- Generated by org.testng.reporters.JUnitReportReporter -->
<testsuite hostname="DESKTOP-1VSDUBV" failures="0" tests="1" name="EndToEnd.AddProjectTest" time="1.576" errors="0" timestamp="2023-04-13T18:10:40 IST" skipped="0">
  <testcase classname="EndToEnd.AddProjectTest" name="addProject" time="1.576"/>
  <system-out/>
</testsuite> <!-- EndToEnd.AddProjectTest -->
