<?xml version="1.0" encoding="UTF-8"?>
<!-- Generated by org.testng.reporters.JUnitReportReporter -->
<testsuite hostname="DESKTOP-1VSDUBV" failures="0" tests="1" name="crudOperationWithBDD.getProjectTest" time="1.621" errors="0" timestamp="2023-04-11T15:44:18 IST" skipped="0">
  <testcase classname="crudOperationWithBDD.getProjectTest" name="getProject" time="1.621"/>
  <system-out/>
</testsuite> <!-- crudOperationWithBDD.getProjectTest -->
