<?xml version="1.0" encoding="UTF-8"?>
<!-- Generated by org.testng.reporters.JUnitReportReporter -->
<testsuite hostname="DESKTOP-1VSDUBV" failures="0" tests="3" name="DataDrivenTestingUsingDataProvider.AddProjectUsingExcelFile" time="2.641" errors="0" timestamp="2023-04-10T15:31:54 IST" skipped="0">
  <testcase classname="DataDrivenTestingUsingDataProvider.AddProjectUsingExcelFile" name="addProjectUsingDataProvider" time="0.126"/>
  <system-out/>
  <testcase classname="DataDrivenTestingUsingDataProvider.AddProjectUsingExcelFile" name="addProjectUsingDataProvider" time="2.415"/>
  <system-out/>
  <testcase classname="DataDrivenTestingUsingDataProvider.AddProjectUsingExcelFile" name="addProjectUsingDataProvider" time="0.100"/>
  <system-out/>
</testsuite> <!-- DataDrivenTestingUsingDataProvider.AddProjectUsingExcelFile -->
