<?xml version="1.0" encoding="UTF-8"?>
<!-- Generated by org.testng.reporters.JUnitReportReporter -->
<testsuite hostname="DESKTOP-1VSDUBV" failures="0" tests="1" name="serializationAndDeserialization.DeserializationEmpArray" time="0.285" errors="0" timestamp="2023-05-29T23:04:47 IST" skipped="0">
  <testcase classname="serializationAndDeserialization.DeserializationEmpArray" name="deserializationEmpArray" time="0.285"/>
  <system-out/>
</testsuite> <!-- serializationAndDeserialization.DeserializationEmpArray -->
