<?xml version="1.0" encoding="UTF-8"?>
<!-- Generated by org.testng.reporters.JUnitReportReporter -->
<testsuite hostname="DESKTOP-1VSDUBV" failures="0" tests="1" name="responseValidation.DynamicResponseValidationTest" time="2.138" errors="0" timestamp="2023-04-10T11:53:24 IST" skipped="0">
  <testcase classname="responseValidation.DynamicResponseValidationTest" name="dynamicResponse" time="2.138"/>
  <system-out/>
</testsuite> <!-- responseValidation.DynamicResponseValidationTest -->
