<?xml version="1.0" encoding="UTF-8"?>
<!-- Generated by org.testng.reporters.JUnitReportReporter -->
<testsuite hostname="DESKTOP-1VSDUBV" failures="0" tests="1" name="responseValidation.DynamicResponseValidation" time="2.374" errors="0" timestamp="2023-04-08T14:07:18 IST" skipped="0">
  <testcase classname="responseValidation.DynamicResponseValidation" name="dynamicResponse" time="2.374"/>
  <system-out/>
</testsuite> <!-- responseValidation.DynamicResponseValidation -->
