<?xml version="1.0" encoding="UTF-8"?>
<!-- Generated by org.testng.reporters.JUnitReportReporter -->
<testsuite hostname="DESKTOP-1VSDUBV" failures="0" tests="1" name="practice.DataHidden" time="4.252" errors="0" timestamp="2023-05-28T08:15:04 IST" skipped="0">
  <testcase classname="practice.DataHidden" name="dataHiddenTest" time="4.252"/>
  <system-out/>
</testsuite> <!-- practice.DataHidden -->
